<?xml version="1.0" encoding="UTF-8"?>
<!-- Generated by org.testng.reporters.JUnitReportReporter -->
<testsuite hostname="DESKTOP-705DRQ2" name="tyssfeb1.Bluestonecount1" tests="1" failures="0" timestamp="7 Feb 2019 01:37:09 GMT" time="26.005" errors="0">
  <testcase name="testmain" time="26.005" classname="tyssfeb1.Bluestonecount1"/>
</testsuite> <!-- tyssfeb1.Bluestonecount1 -->
