<?xml version="1.0" encoding="UTF-8"?>
<!-- Generated by org.testng.reporters.JUnitReportReporter -->
<testsuite hostname="DESKTOP-705DRQ2" name="tyssfeb5.Makemytrip" tests="1" failures="0" timestamp="5 Feb 2019 12:02:29 GMT" time="93.847" errors="0">
  <testcase name="testmain" time="93.847" classname="tyssfeb5.Makemytrip"/>
</testsuite> <!-- tyssfeb5.Makemytrip -->
