<?xml version="1.0" encoding="UTF-8"?>
<!-- Generated by org.testng.reporters.JUnitReportReporter -->
<testsuite hostname="DESKTOP-705DRQ2" name="tyssfeb1.Bluestoneoffer1" tests="1" failures="0" timestamp="6 Feb 2019 11:23:53 GMT" time="23.239" errors="0">
  <testcase name="testmain" time="23.239" classname="tyssfeb1.Bluestoneoffer1"/>
</testsuite> <!-- tyssfeb1.Bluestoneoffer1 -->
