<?xml version="1.0" encoding="UTF-8"?>
<!-- Generated by org.testng.reporters.JUnitReportReporter -->
<testsuite hostname="DESKTOP-705DRQ2" name="tyssfeb1.Bluestoneoffer" tests="1" failures="0" timestamp="6 Feb 2019 11:26:21 GMT" time="26.556" errors="0">
  <testcase name="testmain" time="26.556" classname="tyssfeb1.Bluestoneoffer"/>
</testsuite> <!-- tyssfeb1.Bluestoneoffer -->
