<?xml version="1.0" encoding="UTF-8"?>
<!-- Generated by org.testng.reporters.JUnitReportReporter -->
<testsuite hostname="DESKTOP-705DRQ2" name="tyssfeb1.Bluestonekadas" tests="1" failures="0" timestamp="4 Feb 2019 04:15:58 GMT" time="92.801" errors="0">
  <testcase name="testmain" time="92.801" classname="tyssfeb1.Bluestonekadas"/>
</testsuite> <!-- tyssfeb1.Bluestonekadas -->
