<?xml version="1.0" encoding="UTF-8"?>
<!-- Generated by org.testng.reporters.JUnitReportReporter -->
<testsuite hostname="DESKTOP-705DRQ2" name="tyssfeb1.Dataprov" tests="24" failures="0" timestamp="1 Feb 2019 12:31:30 GMT" time="0.253" errors="0">
  <testcase name="validatePrice" time="0.007" classname="tyssfeb1.Dataprov"/>
  <testcase name="validatePrice" time="0.003" classname="tyssfeb1.Dataprov"/>
  <testcase name="validatePrice" time="0.007" classname="tyssfeb1.Dataprov"/>
  <testcase name="validatePrice" time="0.009" classname="tyssfeb1.Dataprov"/>
  <testcase name="validatePrice" time="0.009" classname="tyssfeb1.Dataprov"/>
  <testcase name="validatePrice" time="0.002" classname="tyssfeb1.Dataprov"/>
  <testcase name="validatePrice" time="0.006" classname="tyssfeb1.Dataprov"/>
  <testcase name="validatePrice" time="0.096" classname="tyssfeb1.Dataprov"/>
  <testcase name="validatePrice" time="0.003" classname="tyssfeb1.Dataprov"/>
  <testcase name="validatePrice" time="0.005" classname="tyssfeb1.Dataprov"/>
  <testcase name="validatePrice" time="0.002" classname="tyssfeb1.Dataprov"/>
  <testcase name="validatePrice" time="0.003" classname="tyssfeb1.Dataprov"/>
  <testcase name="validatePrice" time="0.013" classname="tyssfeb1.Dataprov"/>
  <testcase name="validatePrice" time="0.010" classname="tyssfeb1.Dataprov"/>
  <testcase name="validatePrice" time="0.009" classname="tyssfeb1.Dataprov"/>
  <testcase name="validatePrice" time="0.002" classname="tyssfeb1.Dataprov"/>
  <testcase name="validatePrice" time="0.007" classname="tyssfeb1.Dataprov"/>
  <testcase name="validatePrice" time="0.006" classname="tyssfeb1.Dataprov"/>
  <testcase name="validatePrice" time="0.003" classname="tyssfeb1.Dataprov"/>
  <testcase name="validatePrice" time="0.011" classname="tyssfeb1.Dataprov"/>
  <testcase name="validatePrice" time="0.013" classname="tyssfeb1.Dataprov"/>
  <testcase name="validatePrice" time="0.016" classname="tyssfeb1.Dataprov"/>
  <testcase name="validatePrice" time="0.010" classname="tyssfeb1.Dataprov"/>
  <testcase name="validatePrice" time="0.001" classname="tyssfeb1.Dataprov"/>
</testsuite> <!-- tyssfeb1.Dataprov -->
