<?xml version="1.0" encoding="UTF-8"?>
<!-- Generated by org.testng.reporters.JUnitReportReporter -->
<testsuite hostname="DESKTOP-705DRQ2" name="tyssfeb1.Bluestonecount" tests="1" failures="0" timestamp="7 Feb 2019 01:11:21 GMT" time="27.680" errors="0">
  <testcase name="testmain" time="27.680" classname="tyssfeb1.Bluestonecount"/>
</testsuite> <!-- tyssfeb1.Bluestonecount -->
